mode: set
book-store/cmd/main.go:12.13,14.16 2 0
book-store/cmd/main.go:14.16,16.3 1 0
book-store/cmd/main.go:18.2,19.16 2 0
book-store/cmd/main.go:19.16,21.3 1 0
book-store/cmd/main.go:22.2,27.16 5 0
book-store/cmd/main.go:27.16,29.3 1 0
book-store/internal/config/config.go:28.34,30.2 1 0
book-store/internal/config/config.go:31.38,33.2 1 0
book-store/internal/config/config.go:34.34,36.2 1 0
book-store/internal/config/config.go:37.34,39.2 1 0
book-store/internal/config/config.go:40.34,42.2 1 0
book-store/internal/config/config.go:44.46,46.16 2 0
book-store/internal/config/config.go:46.16,48.3 1 0
book-store/internal/config/config.go:49.2,52.56 3 0
book-store/internal/config/config.go:52.56,54.3 1 0
book-store/internal/config/config.go:55.2,55.18 1 0
book-store/internal/db/db.go:13.48,21.16 3 0
book-store/internal/db/db.go:21.16,23.3 1 0
book-store/internal/db/db.go:24.2,24.33 1 0
book-store/internal/db/db.go:24.33,26.3 1 0
book-store/internal/db/db.go:27.2,27.16 1 0
book-store/internal/db/db.go:30.36,32.13 2 0
book-store/internal/db/db.go:32.13,34.3 1 0
book-store/internal/db/db.go:35.2,35.10 1 0
book-store/internal/http/routes.go:11.48,21.2 8 0
book-store/internal/mocks/repository_mock.go:27.73,31.2 3 0
book-store/internal/mocks/repository_mock.go:34.71,36.2 1 0
book-store/internal/mocks/repository_mock.go:39.86,45.2 5 0
book-store/internal/mocks/repository_mock.go:48.83,51.2 2 0
book-store/internal/mocks/repository_mock.go:54.72,59.2 4 0
book-store/internal/mocks/repository_mock.go:62.84,65.2 2 0
book-store/internal/mocks/repository_mock.go:68.86,74.2 5 0
book-store/internal/mocks/repository_mock.go:77.85,80.2 2 0
book-store/internal/mocks/repository_mock.go:83.101,90.2 6 0
book-store/internal/mocks/repository_mock.go:93.93,96.2 2 0
book-store/internal/mocks/repository_mock.go:99.77,104.2 4 0
book-store/internal/mocks/repository_mock.go:107.83,110.2 2 0
book-store/internal/mocks/service_mock.go:27.67,31.2 3 0
book-store/internal/mocks/service_mock.go:34.65,36.2 1 0
book-store/internal/mocks/service_mock.go:39.120,45.2 5 0
book-store/internal/mocks/service_mock.go:48.82,51.2 2 0
book-store/internal/mocks/service_mock.go:54.136,60.2 5 0
book-store/internal/mocks/service_mock.go:63.94,66.2 2 0
book-store/internal/mocks/service_mock.go:69.83,74.2 4 0
book-store/internal/mocks/service_mock.go:77.81,80.2 2 0
book-store/internal/mocks/service_mock.go:83.93,89.2 5 0
book-store/internal/mocks/service_mock.go:92.78,95.2 2 0
book-store/internal/mocks/service_mock.go:98.112,105.2 6 0
book-store/internal/mocks/service_mock.go:108.90,111.2 2 0
book-store/internal/book/errors.go:11.39,13.2 1 1
book-store/internal/book/errors.go:33.63,35.2 1 1
book-store/internal/book/errors.go:37.92,43.2 1 1
book-store/internal/book/handler.go:20.49,22.2 1 1
book-store/internal/book/handler.go:24.68,27.21 3 1
book-store/internal/book/handler.go:27.21,30.3 2 0
book-store/internal/book/handler.go:31.2,32.22 2 1
book-store/internal/book/handler.go:32.22,34.3 1 0
book-store/internal/book/handler.go:35.2,35.14 1 1
book-store/internal/book/handler.go:35.14,35.26 1 0
book-store/internal/book/handler.go:36.2,36.30 1 1
book-store/internal/book/handler.go:36.30,36.44 1 0
book-store/internal/book/handler.go:37.2,40.16 3 1
book-store/internal/book/handler.go:40.16,43.3 2 1
book-store/internal/book/handler.go:44.2,45.26 2 1
book-store/internal/book/handler.go:45.26,47.3 1 1
book-store/internal/book/handler.go:48.2,54.4 1 1
book-store/internal/book/handler.go:58.67,60.17 2 0
book-store/internal/book/handler.go:60.17,63.3 2 0
book-store/internal/book/handler.go:64.2,65.16 2 0
book-store/internal/book/handler.go:65.16,68.3 2 0
book-store/internal/book/handler.go:69.2,69.113 1 0
book-store/internal/book/handler.go:72.70,74.61 2 1
book-store/internal/book/handler.go:74.61,77.3 2 1
book-store/internal/book/handler.go:79.5,79.46 1 1
book-store/internal/book/handler.go:79.46,81.61 2 1
book-store/internal/book/handler.go:81.61,83.10 1 1
book-store/internal/book/handler.go:84.9,85.15 2 1
book-store/internal/book/handler.go:88.2,89.16 2 1
book-store/internal/book/handler.go:89.16,92.3 2 1
book-store/internal/book/handler.go:93.2,94.35 2 1
book-store/internal/book/handler.go:97.70,100.17 3 1
book-store/internal/book/handler.go:100.17,103.3 2 1
book-store/internal/book/handler.go:104.2,104.61 1 1
book-store/internal/book/handler.go:104.61,107.3 2 0
book-store/internal/book/handler.go:108.2,109.16 2 1
book-store/internal/book/handler.go:109.16,112.3 2 1
book-store/internal/book/handler.go:113.2,113.14 1 1
book-store/internal/book/handler.go:113.14,115.3 1 1
book-store/internal/book/handler.go:116.2,116.37 1 1
book-store/internal/book/handler.go:119.70,121.17 2 1
book-store/internal/book/handler.go:121.17,124.3 2 0
book-store/internal/book/handler.go:125.2,126.16 2 1
book-store/internal/book/handler.go:126.16,129.3 2 1
book-store/internal/book/handler.go:130.2,130.37 1 1
book-store/internal/book/handler.go:133.66,137.2 3 1
book-store/internal/book/repository.go:23.51,25.2 1 1
book-store/internal/book/repository.go:27.74,32.16 3 1
book-store/internal/book/repository.go:32.16,34.3 1 1
book-store/internal/book/repository.go:35.2,35.16 1 1
book-store/internal/book/repository.go:38.74,43.26 3 1
book-store/internal/book/repository.go:43.26,45.3 1 1
book-store/internal/book/repository.go:46.2,46.15 1 1
book-store/internal/book/repository.go:49.87,56.16 2 1
book-store/internal/book/repository.go:56.16,58.3 1 1
book-store/internal/book/repository.go:59.2,62.18 4 1
book-store/internal/book/repository.go:62.18,64.86 2 1
book-store/internal/book/repository.go:64.86,66.4 1 0
book-store/internal/book/repository.go:67.3,67.27 1 1
book-store/internal/book/repository.go:69.2,69.25 1 1
book-store/internal/book/repository.go:72.65,77.2 2 1
book-store/internal/book/repository.go:79.65,82.2 2 0
book-store/internal/book/service.go:19.51,21.2 1 1
book-store/internal/book/service.go:23.106,30.16 3 1
book-store/internal/book/service.go:30.16,32.3 1 1
book-store/internal/book/service.go:33.2,33.16 1 1
book-store/internal/book/service.go:36.79,38.16 2 1
book-store/internal/book/service.go:38.16,39.25 1 1
book-store/internal/book/service.go:39.25,41.4 1 1
book-store/internal/book/service.go:42.3,42.61 1 1
book-store/internal/book/service.go:44.2,44.18 1 1
book-store/internal/book/service.go:47.96,49.16 2 1
book-store/internal/book/service.go:49.16,51.3 1 1
book-store/internal/book/service.go:52.2,52.30 1 1
book-store/internal/book/service.go:55.122,57.16 2 1
book-store/internal/book/service.go:57.16,58.50 1 1
book-store/internal/book/service.go:58.50,60.24 2 1
book-store/internal/book/service.go:60.24,62.5 1 0
book-store/internal/book/service.go:63.4,63.18 1 1
book-store/internal/book/service.go:65.3,65.16 1 0
book-store/internal/book/service.go:67.2,67.21 1 1
book-store/internal/book/service.go:67.21,69.3 1 1
book-store/internal/book/service.go:70.2,70.22 1 1
book-store/internal/book/service.go:70.22,72.3 1 1
book-store/internal/book/service.go:73.2,73.27 1 1
book-store/internal/book/service.go:73.27,75.3 1 1
book-store/internal/book/service.go:76.2,76.52 1 1
book-store/internal/book/service.go:76.52,78.3 1 1
book-store/internal/book/service.go:79.2,79.15 1 1
book-store/internal/book/service.go:82.74,84.16 2 1
book-store/internal/book/service.go:84.16,86.3 1 1
book-store/internal/book/service.go:87.2,87.12 1 1
book-store/internal/integration_test/db_utils.go:8.28,10.16 2 1
book-store/internal/integration_test/db_utils.go:10.16,12.3 1 0
book-store/internal/integration_test/db_utils.go:15.92,26.2 4 1
book-store/internal/integration_test/request_helper.go:13.38,14.19 1 1
book-store/internal/integration_test/request_helper.go:14.19,16.3 1 1
book-store/internal/integration_test/request_helper.go:17.2,20.35 4 1
book-store/internal/integration_test/request_helper.go:20.35,22.17 2 1
book-store/internal/integration_test/request_helper.go:22.17,24.4 1 0
book-store/internal/integration_test/request_helper.go:26.2,27.44 2 1
book-store/internal/integration_test/request_helper.go:27.44,29.17 2 1
book-store/internal/integration_test/request_helper.go:29.17,31.4 1 0
book-store/internal/integration_test/request_helper.go:33.2,34.16 2 1
book-store/internal/integration_test/request_helper.go:34.16,36.3 1 0
book-store/internal/integration_test/request_helper.go:37.2,41.44 4 1
book-store/internal/integration_test/request_helper.go:41.44,44.3 2 1
book-store/internal/integration_test/request_helper.go:45.2,45.32 1 1
book-store/internal/integration_test/request_helper.go:45.32,46.41 1 1
book-store/internal/integration_test/request_helper.go:46.41,49.4 2 1
